19:26:26,094 TRACE BasicBinder:65 - binding parameter [1] as [INTEGER] - [7]
19:26:26,094 TRACE BasicBinder:65 - binding parameter [2] as [INTEGER] - [1183]
19:26:26,094 TRACE BasicBinder:65 - binding parameter [3] as [INTEGER] - [1183]
19:26:26,094 TRACE BasicBinder:65 - binding parameter [1] as [INTEGER] - [5]
19:26:26,095 TRACE BasicBinder:65 - binding parameter [2] as [VARCHAR] - [Shostakovich]
19:26:26,095 TRACE BasicBinder:65 - binding parameter [3] as [VARCHAR] - [Prelude Op. 34 No. 18]
19:26:26,095 TRACE BasicBinder:65 - binding parameter [4] as [INTEGER] - [1184]
19:26:26,095 TRACE BasicBinder:65 - binding parameter [1] as [INTEGER] - [7]
19:26:26,095 TRACE BasicBinder:65 - binding parameter [2] as [INTEGER] - [1184]
19:26:26,095 TRACE BasicBinder:65 - binding parameter [3] as [INTEGER] - [1184]
19:26:26,095 TRACE BasicBinder:65 - binding parameter [1] as [INTEGER] - [5]
19:26:26,095 TRACE BasicBinder:65 - binding parameter [2] as [VARCHAR] - [Shostakovich]
19:26:26,095 TRACE BasicBinder:65 - binding parameter [3] as [VARCHAR] - [Prelude Op. 34 No. 21]
19:26:26,095 TRACE BasicBinder:65 - binding parameter [4] as [INTEGER] - [1185]
19:26:26,096 TRACE BasicBinder:65 - binding parameter [1] as [INTEGER] - [7]
19:26:26,096 TRACE BasicBinder:65 - binding parameter [2] as [INTEGER] - [1185]
19:26:26,096 TRACE BasicBinder:65 - binding parameter [3] as [INTEGER] - [1185]
19:26:26,096 TRACE BasicBinder:65 - binding parameter [1] as [INTEGER] - [5]
19:26:26,096 TRACE BasicBinder:65 - binding parameter [2] as [VARCHAR] - [Smetana]
19:26:26,096 TRACE BasicBinder:65 - binding parameter [3] as [VARCHAR] - [Souvenir de Bohème  Op 99 No. 06]
19:26:26,096 TRACE BasicBinder:65 - binding parameter [4] as [INTEGER] - [1186]
19:26:26,096 TRACE BasicBinder:65 - binding parameter [1] as [INTEGER] - [7]
19:26:26,096 TRACE BasicBinder:65 - binding parameter [2] as [INTEGER] - [1186]
19:26:26,096 TRACE BasicBinder:65 - binding parameter [3] as [INTEGER] - [1186]
19:26:26,096 TRACE BasicBinder:65 - binding parameter [1] as [INTEGER] - [5]
19:26:26,096 TRACE BasicBinder:65 - binding parameter [2] as [VARCHAR] - [Smetana]
19:26:26,097 TRACE BasicBinder:65 - binding parameter [3] as [VARCHAR] - [Idyll  Op 21 No. 04]
19:26:26,097 TRACE BasicBinder:65 - binding parameter [4] as [INTEGER] - [1187]
19:26:26,097 TRACE BasicBinder:65 - binding parameter [1] as [INTEGER] - [7]
19:26:26,097 TRACE BasicBinder:65 - binding parameter [2] as [INTEGER] - [1187]
19:26:26,097 TRACE BasicBinder:65 - binding parameter [3] as [INTEGER] - [1187]
19:26:26,097 TRACE BasicBinder:65 - binding parameter [1] as [INTEGER] - [5]
19:26:26,097 TRACE BasicBinder:65 - binding parameter [2] as [VARCHAR] - [Tchaikovsky]
19:26:26,097 TRACE BasicBinder:65 - binding parameter [3] as [VARCHAR] - [June (Barcarolle)  Op 2 No. 01 ]
19:26:26,097 TRACE BasicBinder:65 - binding parameter [4] as [INTEGER] - [1188]
19:26:26,097 TRACE BasicBinder:65 - binding parameter [1] as [INTEGER] - [7]
19:26:26,097 TRACE BasicBinder:65 - binding parameter [2] as [INTEGER] - [1188]
19:26:26,097 TRACE BasicBinder:65 - binding parameter [3] as [INTEGER] - [1188]
19:26:26,098 TRACE BasicBinder:65 - binding parameter [1] as [INTEGER] - [5]
19:26:26,098 TRACE BasicBinder:65 - binding parameter [2] as [VARCHAR] - [Tchaikovsky]
19:26:26,098 TRACE BasicBinder:65 - binding parameter [3] as [VARCHAR] - [Humoresque ]
19:26:26,098 TRACE BasicBinder:65 - binding parameter [4] as [INTEGER] - [1189]
19:26:26,098 TRACE BasicBinder:65 - binding parameter [1] as [INTEGER] - [7]
19:26:26,098 TRACE BasicBinder:65 - binding parameter [2] as [INTEGER] - [1189]
19:26:26,098 TRACE BasicBinder:65 - binding parameter [3] as [INTEGER] - [1189]
19:26:26,098 TRACE BasicBinder:65 - binding parameter [1] as [INTEGER] - [5]
19:26:26,098 TRACE BasicBinder:65 - binding parameter [2] as [VARCHAR] - [Tchaikovsky]
19:26:26,098 TRACE BasicBinder:65 - binding parameter [3] as [VARCHAR] - [Nocturne ]
19:26:26,098 TRACE BasicBinder:65 - binding parameter [4] as [INTEGER] - [1190]
19:26:26,098 TRACE BasicBinder:65 - binding parameter [1] as [INTEGER] - [7]
19:26:26,099 TRACE BasicBinder:65 - binding parameter [2] as [INTEGER] - [1190]
19:26:26,099 TRACE BasicBinder:65 - binding parameter [3] as [INTEGER] - [1190]
19:26:26,099 TRACE BasicBinder:65 - binding parameter [1] as [INTEGER] - [5]
19:26:26,099 TRACE BasicBinder:65 - binding parameter [2] as [VARCHAR] - [Telemann]
19:26:26,099 TRACE BasicBinder:65 - binding parameter [3] as [VARCHAR] - [Fantasia in G minor ]
19:26:26,099 TRACE BasicBinder:65 - binding parameter [4] as [INTEGER] - [1191]
19:26:26,099 TRACE BasicBinder:65 - binding parameter [1] as [INTEGER] - [7]
19:26:26,099 TRACE BasicBinder:65 - binding parameter [2] as [INTEGER] - [1191]
19:26:26,099 TRACE BasicBinder:65 - binding parameter [3] as [INTEGER] - [1191]
19:26:26,099 TRACE BasicBinder:65 - binding parameter [1] as [INTEGER] - [5]
19:26:26,099 TRACE BasicBinder:65 - binding parameter [2] as [VARCHAR] - [Villa-Lobos]
19:26:26,099 TRACE BasicBinder:65 - binding parameter [3] as [VARCHAR] - [Mintika from As tres Marias]
19:26:26,099 TRACE BasicBinder:65 - binding parameter [4] as [INTEGER] - [1192]
19:26:26,100 TRACE BasicBinder:65 - binding parameter [1] as [INTEGER] - [7]
19:26:26,100 TRACE BasicBinder:65 - binding parameter [2] as [INTEGER] - [1192]
19:26:26,100 TRACE BasicBinder:65 - binding parameter [3] as [INTEGER] - [1192]
19:26:26,100 TRACE BasicBinder:65 - binding parameter [1] as [INTEGER] - [5]
19:26:26,100 TRACE BasicBinder:65 - binding parameter [2] as [VARCHAR] - [Albéniz]
19:26:26,100 TRACE BasicBinder:65 - binding parameter [3] as [VARCHAR] - [Cádiz (saeta) ]
19:26:26,100 TRACE BasicBinder:65 - binding parameter [4] as [INTEGER] - [1193]
19:26:26,100 TRACE BasicBinder:65 - binding parameter [1] as [INTEGER] - [8]
19:26:26,100 TRACE BasicBinder:65 - binding parameter [2] as [INTEGER] - [1193]
19:26:26,100 TRACE BasicBinder:65 - binding parameter [3] as [INTEGER] - [1193]
19:26:26,100 TRACE BasicBinder:65 - binding parameter [1] as [INTEGER] - [5]
19:26:26,100 TRACE BasicBinder:65 - binding parameter [2] as [VARCHAR] - [Albéniz]
19:26:26,100 TRACE BasicBinder:65 - binding parameter [3] as [VARCHAR] - [En la Playa]
19:26:26,101 TRACE BasicBinder:65 - binding parameter [4] as [INTEGER] - [1194]
19:26:26,101 TRACE BasicBinder:65 - binding parameter [1] as [INTEGER] - [8]
19:26:26,101 TRACE BasicBinder:65 - binding parameter [2] as [INTEGER] - [1194]
19:26:26,101 TRACE BasicBinder:65 - binding parameter [3] as [INTEGER] - [1194]
19:26:26,101 TRACE BasicBinder:65 - binding parameter [1] as [INTEGER] - [5]
19:26:26,101 TRACE BasicBinder:65 - binding parameter [2] as [VARCHAR] - [Albéniz]
19:26:26,101 TRACE BasicBinder:65 - binding parameter [3] as [VARCHAR] - [Evocation]
19:26:26,101 TRACE BasicBinder:65 - binding parameter [4] as [INTEGER] - [1195]
19:26:26,101 TRACE BasicBinder:65 - binding parameter [1] as [INTEGER] - [8]
19:26:26,101 TRACE BasicBinder:65 - binding parameter [2] as [INTEGER] - [1195]
19:26:26,101 TRACE BasicBinder:65 - binding parameter [3] as [INTEGER] - [1195]
19:26:26,101 TRACE BasicBinder:65 - binding parameter [1] as [INTEGER] - [5]
19:26:26,101 TRACE BasicBinder:65 - binding parameter [2] as [VARCHAR] - [Bartók]
19:26:26,102 TRACE BasicBinder:65 - binding parameter [3] as [VARCHAR] - [Dance in Bulgarian Rhythm no 5]
19:26:26,102 TRACE BasicBinder:65 - binding parameter [4] as [INTEGER] - [1196]
19:26:26,102 TRACE BasicBinder:65 - binding parameter [1] as [INTEGER] - [8]
19:26:26,102 TRACE BasicBinder:65 - binding parameter [2] as [INTEGER] - [1196]
19:26:26,102 TRACE BasicBinder:65 - binding parameter [3] as [INTEGER] - [1196]
19:26:26,102 TRACE BasicBinder:65 - binding parameter [1] as [INTEGER] - [5]
19:26:26,102 TRACE BasicBinder:65 - binding parameter [2] as [VARCHAR] - [Bartók]
19:26:26,102 TRACE BasicBinder:65 - binding parameter [3] as [VARCHAR] - [Rondo no 1 from ‘3 Rondos on Folk Tunes’]
19:26:26,102 TRACE BasicBinder:65 - binding parameter [4] as [INTEGER] - [1197]
19:26:26,102 TRACE BasicBinder:65 - binding parameter [1] as [INTEGER] - [8]
19:26:26,102 TRACE BasicBinder:65 - binding parameter [2] as [INTEGER] - [1197]
19:26:26,102 TRACE BasicBinder:65 - binding parameter [3] as [INTEGER] - [1197]
19:26:26,103 TRACE BasicBinder:65 - binding parameter [1] as [INTEGER] - [5]
19:26:26,103 TRACE BasicBinder:65 - binding parameter [2] as [VARCHAR] - [Bartók]
19:26:26,103 TRACE BasicBinder:65 - binding parameter [3] as [VARCHAR] - [Suite  Op 47        ]
19:26:26,103 TRACE BasicBinder:65 - binding parameter [4] as [INTEGER] - [1198]
19:26:26,103 TRACE BasicBinder:65 - binding parameter [1] as [INTEGER] - [8]
19:26:26,103 TRACE BasicBinder:65 - binding parameter [2] as [INTEGER] - [1198]
19:26:26,103 TRACE BasicBinder:65 - binding parameter [3] as [INTEGER] - [1198]
19:26:26,103 TRACE BasicBinder:65 - binding parameter [1] as [INTEGER] - [5]
19:26:26,103 TRACE BasicBinder:65 - binding parameter [2] as [VARCHAR] - [Beethoven]
19:26:26,103 TRACE BasicBinder:65 - binding parameter [3] as [VARCHAR] - [Andante Favori  Op 71        ]
19:26:26,103 TRACE BasicBinder:65 - binding parameter [4] as [INTEGER] - [1199]
19:26:26,103 TRACE BasicBinder:65 - binding parameter [1] as [INTEGER] - [8]
19:26:26,103 TRACE BasicBinder:65 - binding parameter [2] as [INTEGER] - [1199]
19:26:26,103 TRACE BasicBinder:65 - binding parameter [3] as [INTEGER] - [1199]
19:26:26,104 TRACE BasicBinder:65 - binding parameter [1] as [INTEGER] - [5]
19:26:26,104 TRACE BasicBinder:65 - binding parameter [2] as [VARCHAR] - [Brahms]
19:26:26,104 TRACE BasicBinder:65 - binding parameter [3] as [VARCHAR] - [""Ballade in D minor         "]
19:26:26,104 TRACE BasicBinder:65 - binding parameter [4] as [INTEGER] - [1200]
19:26:26,104 TRACE BasicBinder:65 - binding parameter [1] as [INTEGER] - [8]
19:26:26,104 TRACE BasicBinder:65 - binding parameter [2] as [INTEGER] - [1200]
19:26:26,104 TRACE BasicBinder:65 - binding parameter [3] as [INTEGER] - [1200]
19:26:26,104 TRACE BasicBinder:65 - binding parameter [1] as [INTEGER] - [5]
19:26:26,104 TRACE BasicBinder:65 - binding parameter [2] as [VARCHAR] - [Brahms]
19:26:26,104 TRACE BasicBinder:65 - binding parameter [3] as [VARCHAR] - [""Intermezzo in A minor         "]
19:26:26,104 TRACE BasicBinder:65 - binding parameter [4] as [INTEGER] - [1201]
19:26:26,104 TRACE BasicBinder:65 - binding parameter [1] as [INTEGER] - [8]
19:26:26,105 TRACE BasicBinder:65 - binding parameter [2] as [INTEGER] - [1201]
19:26:26,105 TRACE BasicBinder:65 - binding parameter [3] as [INTEGER] - [1201]
19:26:26,105 TRACE BasicBinder:65 - binding parameter [1] as [INTEGER] - [5]
19:26:26,105 TRACE BasicBinder:65 - binding parameter [2] as [VARCHAR] - [Brahms]
19:26:26,105 TRACE BasicBinder:65 - binding parameter [3] as [VARCHAR] - [""Intermezzo in B minor         "]
19:26:26,105 TRACE BasicBinder:65 - binding parameter [4] as [INTEGER] - [1202]
19:26:26,105 TRACE BasicBinder:65 - binding parameter [1] as [INTEGER] - [8]
19:26:26,105 TRACE BasicBinder:65 - binding parameter [2] as [INTEGER] - [1202]
19:26:26,105 TRACE BasicBinder:65 - binding parameter [3] as [INTEGER] - [1202]
19:26:26,105 TRACE BasicBinder:65 - binding parameter [1] as [INTEGER] - [5]
19:26:26,105 TRACE BasicBinder:65 - binding parameter [2] as [VARCHAR] - [Brahms]
19:26:26,105 TRACE BasicBinder:65 - binding parameter [3] as [VARCHAR] - [""Intermezzo in E flat""  Op 14  1st mvt]
19:26:26,105 TRACE BasicBinder:65 - binding parameter [4] as [INTEGER] - [1203]
19:26:26,106 TRACE BasicBinder:65 - binding parameter [1] as [INTEGER] - [8]
19:26:26,106 TRACE BasicBinder:65 - binding parameter [2] as [INTEGER] - [1203]
19:26:26,106 TRACE BasicBinder:65 - binding parameter [3] as [INTEGER] - [1203]
19:26:26,106 TRACE BasicBinder:65 - binding parameter [1] as [INTEGER] - [5]
19:26:26,106 TRACE BasicBinder:65 - binding parameter [2] as [VARCHAR] - [Brahms]
19:26:26,106 TRACE BasicBinder:65 - binding parameter [3] as [VARCHAR] - [""Intermezzo""  WoO 57]
19:26:26,106 TRACE BasicBinder:65 - binding parameter [4] as [INTEGER] - [1204]
19:26:26,106 TRACE BasicBinder:65 - binding parameter [1] as [INTEGER] - [8]
19:26:26,106 TRACE BasicBinder:65 - binding parameter [2] as [INTEGER] - [1204]
19:26:26,106 TRACE BasicBinder:65 - binding parameter [3] as [INTEGER] - [1204]
19:26:26,106 TRACE BasicBinder:65 - binding parameter [1] as [INTEGER] - [5]
19:26:26,106 TRACE BasicBinder:65 - binding parameter [2] as [VARCHAR] - [Chabrier]
19:26:26,106 TRACE BasicBinder:65 - binding parameter [3] as [VARCHAR] - [Danse Villageoise]
19:26:26,107 TRACE BasicBinder:65 - binding parameter [4] as [INTEGER] - [1205]
19:26:26,107 TRACE BasicBinder:65 - binding parameter [1] as [INTEGER] - [8]
19:26:26,107 TRACE BasicBinder:65 - binding parameter [2] as [INTEGER] - [1205]
19:26:26,107 TRACE BasicBinder:65 - binding parameter [3] as [INTEGER] - [1205]
19:26:26,107 TRACE BasicBinder:65 - binding parameter [1] as [INTEGER] - [5]
19:26:26,107 TRACE BasicBinder:65 - binding parameter [2] as [VARCHAR] - [Chabrier]
19:26:26,107 TRACE BasicBinder:65 - binding parameter [3] as [VARCHAR] - [Idylle]
19:26:26,107 TRACE BasicBinder:65 - binding parameter [4] as [INTEGER] - [1206]
19:26:26,107 TRACE BasicBinder:65 - binding parameter [1] as [INTEGER] - [8]
19:26:26,107 TRACE BasicBinder:65 - binding parameter [2] as [INTEGER] - [1206]
19:26:26,107 TRACE BasicBinder:65 - binding parameter [3] as [INTEGER] - [1206]
19:26:26,107 TRACE BasicBinder:65 - binding parameter [1] as [INTEGER] - [5]
19:26:26,108 TRACE BasicBinder:65 - binding parameter [2] as [VARCHAR] - [Clementi]
19:26:26,108 TRACE BasicBinder:65 - binding parameter [3] as [VARCHAR] - [""Sonata in D minor]
19:26:26,108 TRACE BasicBinder:65 - binding parameter [4] as [INTEGER] - [1207]
19:26:26,108 TRACE BasicBinder:65 - binding parameter [1] as [INTEGER] - [8]
19:26:26,108 TRACE BasicBinder:65 - binding parameter [2] as [INTEGER] - [1207]
19:26:26,108 TRACE BasicBinder:65 - binding parameter [3] as [INTEGER] - [1207]
19:26:26,108 TRACE BasicBinder:65 - binding parameter [1] as [INTEGER] - [5]
19:26:26,108 TRACE BasicBinder:65 - binding parameter [2] as [VARCHAR] - [Debussy]
19:26:26,108 TRACE BasicBinder:65 - binding parameter [3] as [VARCHAR] - [Prélude no 6         ]
19:26:26,108 TRACE BasicBinder:65 - binding parameter [4] as [INTEGER] - [1208]
19:26:26,108 TRACE BasicBinder:65 - binding parameter [1] as [INTEGER] - [8]
19:26:26,108 TRACE BasicBinder:65 - binding parameter [2] as [INTEGER] - [1208]
19:26:26,108 TRACE BasicBinder:65 - binding parameter [3] as [INTEGER] - [1208]
19:26:26,109 TRACE BasicBinder:65 - binding parameter [1] as [INTEGER] - [5]
19:26:26,109 TRACE BasicBinder:65 - binding parameter [2] as [VARCHAR] - [Debussy]
19:26:26,109 TRACE BasicBinder:65 - binding parameter [3] as [VARCHAR] - [Serenade of the Doll]
19:26:26,109 TRACE BasicBinder:65 - binding parameter [4] as [INTEGER] - [1209]
19:26:26,109 TRACE BasicBinder:65 - binding parameter [1] as [INTEGER] - [8]
19:26:26,109 TRACE BasicBinder:65 - binding parameter [2] as [INTEGER] - [1209]
19:26:26,109 TRACE BasicBinder:65 - binding parameter [3] as [INTEGER] - [1209]
19:26:26,109 TRACE BasicBinder:65 - binding parameter [1] as [INTEGER] - [5]
19:26:26,109 TRACE BasicBinder:65 - binding parameter [2] as [VARCHAR] - [Fauré]
19:26:26,109 TRACE BasicBinder:65 - binding parameter [3] as [VARCHAR] - [Barcarolle no 4 in A flat "" Op 40]
19:26:26,109 TRACE BasicBinder:65 - binding parameter [4] as [INTEGER] - [1210]
19:26:26,109 TRACE BasicBinder:65 - binding parameter [1] as [INTEGER] - [8]
19:26:26,109 TRACE BasicBinder:65 - binding parameter [2] as [INTEGER] - [1210]
19:26:26,110 TRACE BasicBinder:65 - binding parameter [3] as [INTEGER] - [1210]
19:26:26,110 TRACE BasicBinder:65 - binding parameter [1] as [INTEGER] - [5]
19:26:26,110 TRACE BasicBinder:65 - binding parameter [2] as [VARCHAR] - [Fauré]
19:26:26,110 TRACE BasicBinder:65 - binding parameter [3] as [VARCHAR] - [""Fugue in E minor"" "" C.P.E.]
19:26:26,110 TRACE BasicBinder:65 - binding parameter [4] as [INTEGER] - [1211]
19:26:26,110 TRACE BasicBinder:65 - binding parameter [1] as [INTEGER] - [8]
19:26:26,110 TRACE BasicBinder:65 - binding parameter [2] as [INTEGER] - [1211]
19:26:26,110 TRACE BasicBinder:65 - binding parameter [3] as [INTEGER] - [1211]
19:26:26,110 TRACE BasicBinder:65 - binding parameter [1] as [INTEGER] - [5]
19:26:26,110 TRACE BasicBinder:65 - binding parameter [2] as [VARCHAR] - [Fauré]
19:26:26,110 TRACE BasicBinder:65 - binding parameter [3] as [VARCHAR] - [""Nocturne in A flat"" "" C.P.E.]
19:26:26,110 TRACE BasicBinder:65 - binding parameter [4] as [INTEGER] - [1212]
19:26:26,110 TRACE BasicBinder:65 - binding parameter [1] as [INTEGER] - [8]
19:26:26,111 TRACE BasicBinder:65 - binding parameter [2] as [INTEGER] - [1212]
19:26:26,111 TRACE BasicBinder:65 - binding parameter [3] as [INTEGER] - [1212]
19:26:26,111 TRACE BasicBinder:65 - binding parameter [1] as [INTEGER] - [5]
19:26:26,111 TRACE BasicBinder:65 - binding parameter [2] as [VARCHAR] - [Field]
19:26:26,111 TRACE BasicBinder:65 - binding parameter [3] as [VARCHAR] - [Nocturne No 4 in A]
19:26:26,111 TRACE BasicBinder:65 - binding parameter [4] as [INTEGER] - [1213]
19:26:26,111 TRACE BasicBinder:65 - binding parameter [1] as [INTEGER] - [8]
19:26:26,111 TRACE BasicBinder:65 - binding parameter [2] as [INTEGER] - [1213]
19:26:26,111 TRACE BasicBinder:65 - binding parameter [3] as [INTEGER] - [1213]
19:26:26,111 TRACE BasicBinder:65 - binding parameter [1] as [INTEGER] - [5]
19:26:26,111 TRACE BasicBinder:65 - binding parameter [2] as [VARCHAR] - [Granados]
19:26:26,111 TRACE BasicBinder:65 - binding parameter [3] as [VARCHAR] - [Danza Española No 6: Jota ‘Rondalla Aragonesa’]
19:26:26,111 TRACE BasicBinder:65 - binding parameter [4] as [INTEGER] - [1214]
19:26:26,112 TRACE BasicBinder:65 - binding parameter [1] as [INTEGER] - [8]
19:26:26,112 TRACE BasicBinder:65 - binding parameter [2] as [INTEGER] - [1214]
19:26:26,112 TRACE BasicBinder:65 - binding parameter [3] as [INTEGER] - [1214]
19:26:26,112 TRACE BasicBinder:65 - binding parameter [1] as [INTEGER] - [5]
19:26:26,112 TRACE BasicBinder:65 - binding parameter [2] as [VARCHAR] - [Grieg]
19:26:26,112 TRACE BasicBinder:65 - binding parameter [3] as [VARCHAR] - [""Gade""  Op 44]
19:26:26,112 TRACE BasicBinder:65 - binding parameter [4] as [INTEGER] - [1215]
19:26:26,112 TRACE BasicBinder:65 - binding parameter [1] as [INTEGER] - [8]
19:26:26,112 TRACE BasicBinder:65 - binding parameter [2] as [INTEGER] - [1215]
19:26:26,112 TRACE BasicBinder:65 - binding parameter [3] as [INTEGER] - [1215]
19:26:26,112 TRACE BasicBinder:65 - binding parameter [1] as [INTEGER] - [5]
19:26:26,112 TRACE BasicBinder:65 - binding parameter [2] as [VARCHAR] - [Handel]
19:26:26,112 TRACE BasicBinder:65 - binding parameter [3] as [VARCHAR] - [Fugue no 3 in B flat "" Op 84]
19:26:26,113 TRACE BasicBinder:65 - binding parameter [4] as [INTEGER] - [1216]
19:26:26,113 TRACE BasicBinder:65 - binding parameter [1] as [INTEGER] - [8]
19:26:26,113 TRACE BasicBinder:65 - binding parameter [2] as [INTEGER] - [1216]
19:26:26,113 TRACE BasicBinder:65 - binding parameter [3] as [INTEGER] - [1216]
19:26:26,113 TRACE BasicBinder:65 - binding parameter [1] as [INTEGER] - [5]
19:26:26,113 TRACE BasicBinder:65 - binding parameter [2] as [VARCHAR] - [Handel]
19:26:26,113 TRACE BasicBinder:65 - binding parameter [3] as [VARCHAR] - [Fugue no 6 in C minor "" Op 33]
19:26:26,113 TRACE BasicBinder:65 - binding parameter [4] as [INTEGER] - [1217]
19:26:26,113 TRACE BasicBinder:65 - binding parameter [1] as [INTEGER] - [8]
19:26:26,113 TRACE BasicBinder:65 - binding parameter [2] as [INTEGER] - [1217]
19:26:26,113 TRACE BasicBinder:65 - binding parameter [3] as [INTEGER] - [1217]
19:26:26,113 TRACE BasicBinder:65 - binding parameter [1] as [INTEGER] - [5]
19:26:26,113 TRACE BasicBinder:65 - binding parameter [2] as [VARCHAR] - [Handel]
19:26:26,114 TRACE BasicBinder:65 - binding parameter [3] as [VARCHAR] - [Suite no 3 in D minor         ]
19:26:26,114 TRACE BasicBinder:65 - binding parameter [4] as [INTEGER] - [1218]
19:26:26,114 TRACE BasicBinder:65 - binding parameter [1] as [INTEGER] - [8]
19:26:26,114 TRACE BasicBinder:65 - binding parameter [2] as [INTEGER] - [1218]
19:26:26,114 TRACE BasicBinder:65 - binding parameter [3] as [INTEGER] - [1218]
19:26:26,114 TRACE BasicBinder:65 - binding parameter [1] as [INTEGER] - [5]
19:26:26,114 TRACE BasicBinder:65 - binding parameter [2] as [VARCHAR] - [Handel]
19:26:26,114 TRACE BasicBinder:65 - binding parameter [3] as [VARCHAR] - [""Suite no 6 in F# minor         "]
19:26:26,114 TRACE BasicBinder:65 - binding parameter [4] as [INTEGER] - [1219]
19:26:26,114 TRACE BasicBinder:65 - binding parameter [1] as [INTEGER] - [8]
19:26:26,114 TRACE BasicBinder:65 - binding parameter [2] as [INTEGER] - [1219]
19:26:26,114 TRACE BasicBinder:65 - binding parameter [3] as [INTEGER] - [1219]
19:26:26,114 TRACE BasicBinder:65 - binding parameter [1] as [INTEGER] - [5]
19:26:26,115 TRACE BasicBinder:65 - binding parameter [2] as [VARCHAR] - [Bach]
19:26:26,115 TRACE BasicBinder:65 - binding parameter [3] as [VARCHAR] - [Capriccio in B flat  HWV 607]
19:26:26,115 TRACE BasicBinder:65 - binding parameter [4] as [INTEGER] - [1220]
19:26:26,115 TRACE BasicBinder:65 - binding parameter [1] as [INTEGER] - [8]
19:26:26,115 TRACE BasicBinder:65 - binding parameter [2] as [INTEGER] - [1220]
19:26:26,115 TRACE BasicBinder:65 - binding parameter [3] as [INTEGER] - [1220]
19:26:26,115 TRACE BasicBinder:65 - binding parameter [1] as [INTEGER] - [5]
19:26:26,115 TRACE BasicBinder:65 - binding parameter [2] as [VARCHAR] - [Bach]
19:26:26,115 TRACE BasicBinder:65 - binding parameter [3] as [VARCHAR] - [Fantasia in C minor  HWV 610]
19:26:26,115 TRACE BasicBinder:65 - binding parameter [4] as [INTEGER] - [1221]
19:26:26,115 TRACE BasicBinder:65 - binding parameter [1] as [INTEGER] - [8]
19:26:26,115 TRACE BasicBinder:65 - binding parameter [2] as [INTEGER] - [1221]
19:26:26,115 TRACE BasicBinder:65 - binding parameter [3] as [INTEGER] - [1221]
19:26:26,116 TRACE BasicBinder:65 - binding parameter [1] as [INTEGER] - [5]
19:26:26,116 TRACE BasicBinder:65 - binding parameter [2] as [VARCHAR] - [Bach]
19:26:26,116 TRACE BasicBinder:65 - binding parameter [3] as [VARCHAR] - [French Overture (Partita) in B minor BWV 831]
19:26:26,116 TRACE BasicBinder:65 - binding parameter [4] as [INTEGER] - [1222]
19:26:26,116 TRACE BasicBinder:65 - binding parameter [1] as [INTEGER] - [8]
19:26:26,116 TRACE BasicBinder:65 - binding parameter [2] as [INTEGER] - [1222]
19:26:26,116 TRACE BasicBinder:65 - binding parameter [3] as [INTEGER] - [1222]
19:26:26,116 TRACE BasicBinder:65 - binding parameter [1] as [INTEGER] - [5]
19:26:26,116 TRACE BasicBinder:65 - binding parameter [2] as [VARCHAR] - [Bach]
19:26:26,116 TRACE BasicBinder:65 - binding parameter [3] as [VARCHAR] - [Partita No. 3 in A minor  1720 Collection  HWV 431 "" B60]
19:26:26,116 TRACE BasicBinder:65 - binding parameter [4] as [INTEGER] - [1223]
19:26:26,116 TRACE BasicBinder:65 - binding parameter [1] as [INTEGER] - [8]
19:26:26,116 TRACE BasicBinder:65 - binding parameter [2] as [INTEGER] - [1223]
19:26:26,117 TRACE BasicBinder:65 - binding parameter [3] as [INTEGER] - [1223]
19:26:26,117 TRACE BasicBinder:65 - binding parameter [1] as [INTEGER] - [5]
19:26:26,117 TRACE BasicBinder:65 - binding parameter [2] as [VARCHAR] - [Bach]
19:26:26,117 TRACE BasicBinder:65 - binding parameter [3] as [VARCHAR] - [Partita No. 4 in D "" J.C.]
19:26:26,117 TRACE BasicBinder:65 - binding parameter [4] as [INTEGER] - [1224]
19:26:26,117 TRACE BasicBinder:65 - binding parameter [1] as [INTEGER] - [8]
19:26:26,117 TRACE BasicBinder:65 - binding parameter [2] as [INTEGER] - [1224]
19:26:26,117 TRACE BasicBinder:65 - binding parameter [3] as [INTEGER] - [1224]
19:26:26,117 TRACE BasicBinder:65 - binding parameter [1] as [INTEGER] - [5]
19:26:26,117 TRACE BasicBinder:65 - binding parameter [2] as [VARCHAR] - [Kabalevsky]
19:26:26,117 TRACE BasicBinder:65 - binding parameter [3] as [VARCHAR] - [Sonatina Op 13  BWV 992]
19:26:26,117 TRACE BasicBinder:65 - binding parameter [4] as [INTEGER] - [1225]
19:26:26,117 TRACE BasicBinder:65 - binding parameter [1] as [INTEGER] - [8]
19:26:26,118 TRACE BasicBinder:65 - binding parameter [2] as [INTEGER] - [1225]
19:26:26,118 TRACE BasicBinder:65 - binding parameter [3] as [INTEGER] - [1225]
19:26:26,118 TRACE BasicBinder:65 - binding parameter [1] as [INTEGER] - [5]
19:26:26,118 TRACE BasicBinder:65 - binding parameter [2] as [VARCHAR] - [Liszt]
19:26:26,118 TRACE BasicBinder:65 - binding parameter [3] as [VARCHAR] - [Eglogue: no 7 from ‘Années de Pèlerinage: 1ère Année  BWV 906]
19:26:26,118 TRACE BasicBinder:65 - binding parameter [4] as [INTEGER] - [1226]
19:26:26,118 TRACE BasicBinder:65 - binding parameter [1] as [INTEGER] - [8]
19:26:26,118 TRACE BasicBinder:65 - binding parameter [2] as [INTEGER] - [1226]
19:26:26,118 TRACE BasicBinder:65 - binding parameter [3] as [INTEGER] - [1226]
19:26:26,118 TRACE BasicBinder:65 - binding parameter [1] as [INTEGER] - [5]
19:26:26,118 TRACE BasicBinder:65 - binding parameter [2] as [VARCHAR] - [Liszt]
19:26:26,118 TRACE BasicBinder:65 - binding parameter [3] as [VARCHAR] - [""Valse oubliée (no 1 in A minor""  Sarabande and Gigue        ]
19:26:26,118 TRACE BasicBinder:65 - binding parameter [4] as [INTEGER] - [1227]
19:26:26,119 TRACE BasicBinder:65 - binding parameter [1] as [INTEGER] - [8]
19:26:26,119 TRACE BasicBinder:65 - binding parameter [2] as [INTEGER] - [1227]
19:26:26,119 TRACE BasicBinder:65 - binding parameter [3] as [INTEGER] - [1227]
19:26:26,119 TRACE BasicBinder:65 - binding parameter [1] as [INTEGER] - [5]
19:26:26,119 TRACE BasicBinder:65 - binding parameter [2] as [VARCHAR] - [Mendelssohn]
19:26:26,119 TRACE BasicBinder:65 - binding parameter [3] as [VARCHAR] - [Andante with Variations in E flat  BWV 827]
19:26:26,119 TRACE BasicBinder:65 - binding parameter [4] as [INTEGER] - [1228]
19:26:26,119 TRACE BasicBinder:65 - binding parameter [1] as [INTEGER] - [8]
19:26:26,119 TRACE BasicBinder:65 - binding parameter [2] as [INTEGER] - [1228]
19:26:26,119 TRACE BasicBinder:65 - binding parameter [3] as [INTEGER] - [1228]
19:26:26,119 TRACE BasicBinder:65 - binding parameter [1] as [INTEGER] - [5]
19:26:26,119 TRACE BasicBinder:65 - binding parameter [2] as [VARCHAR] - [Mendelssohn]
19:26:26,120 TRACE BasicBinder:65 - binding parameter [3] as [VARCHAR] - [Etude in F minor]
19:26:26,120 TRACE BasicBinder:65 - binding parameter [4] as [INTEGER] - [1229]
19:26:26,120 TRACE BasicBinder:65 - binding parameter [1] as [INTEGER] - [8]
19:26:26,120 TRACE BasicBinder:65 - binding parameter [2] as [INTEGER] - [1229]
19:26:26,120 TRACE BasicBinder:65 - binding parameter [3] as [INTEGER] - [1229]
19:26:26,120 TRACE BasicBinder:65 - binding parameter [1] as [INTEGER] - [5]
19:26:26,120 TRACE BasicBinder:65 - binding parameter [2] as [VARCHAR] - [Mendelssohn]
19:26:26,120 TRACE BasicBinder:65 - binding parameter [3] as [VARCHAR] - [""Prelude and Fugue in B flat""  no 2]
19:26:26,120 TRACE BasicBinder:65 - binding parameter [4] as [INTEGER] - [1230]
19:26:26,120 TRACE BasicBinder:65 - binding parameter [1] as [INTEGER] - [8]
19:26:26,120 TRACE BasicBinder:65 - binding parameter [2] as [INTEGER] - [1230]
19:26:26,120 TRACE BasicBinder:65 - binding parameter [3] as [INTEGER] - [1230]
19:26:26,120 TRACE BasicBinder:65 - binding parameter [1] as [INTEGER] - [5]
19:26:26,121 TRACE BasicBinder:65 - binding parameter [2] as [VARCHAR] - [Mendelssohn]
19:26:26,121 TRACE BasicBinder:65 - binding parameter [3] as [VARCHAR] - [""Prelude and Fugue in D""  Suisse’  S 160]
19:26:26,121 TRACE BasicBinder:65 - binding parameter [4] as [INTEGER] - [1231]
19:26:26,121 TRACE BasicBinder:65 - binding parameter [1] as [INTEGER] - [8]
19:26:26,121 TRACE BasicBinder:65 - binding parameter [2] as [INTEGER] - [1231]
19:26:26,121 TRACE BasicBinder:65 - binding parameter [3] as [INTEGER] - [1231]
19:26:26,121 TRACE BasicBinder:65 - binding parameter [1] as [INTEGER] - [5]
19:26:26,121 TRACE BasicBinder:65 - binding parameter [2] as [VARCHAR] - [Messiaen]
19:26:26,121 TRACE BasicBinder:65 - binding parameter [3] as [VARCHAR] - [Prélude no 1]
19:26:26,121 TRACE BasicBinder:65 - binding parameter [4] as [INTEGER] - [1232]
19:26:26,121 TRACE BasicBinder:65 - binding parameter [1] as [INTEGER] - [8]
19:26:26,121 TRACE BasicBinder:65 - binding parameter [2] as [INTEGER] - [1232]
19:26:26,121 TRACE BasicBinder:65 - binding parameter [3] as [INTEGER] - [1232]
19:26:26,122 TRACE BasicBinder:65 - binding parameter [1] as [INTEGER] - [5]
19:26:26,122 TRACE BasicBinder:65 - binding parameter [2] as [VARCHAR] - [Messiaen]
19:26:26,122 TRACE BasicBinder:65 - binding parameter [3] as [VARCHAR] - [Prélude no 7]
19:26:26,122 TRACE BasicBinder:65 - binding parameter [4] as [INTEGER] - [1233]
19:26:26,122 TRACE BasicBinder:65 - binding parameter [1] as [INTEGER] - [8]
19:26:26,122 TRACE BasicBinder:65 - binding parameter [2] as [INTEGER] - [1233]
19:26:26,122 TRACE BasicBinder:65 - binding parameter [3] as [INTEGER] - [1233]
19:26:26,122 TRACE BasicBinder:65 - binding parameter [1] as [INTEGER] - [5]
19:26:26,122 TRACE BasicBinder:65 - binding parameter [2] as [VARCHAR] - [Mozart]
19:26:26,122 TRACE BasicBinder:65 - binding parameter [3] as [VARCHAR] - [10 Variations on ‘Les Hommes pieusement’ (Unser dummer Pöbel meint) K455]
19:26:26,122 TRACE BasicBinder:65 - binding parameter [4] as [INTEGER] - [1234]
19:26:26,122 TRACE BasicBinder:65 - binding parameter [1] as [INTEGER] - [8]
19:26:26,122 TRACE BasicBinder:65 - binding parameter [2] as [INTEGER] - [1234]
19:26:26,123 TRACE BasicBinder:65 - binding parameter [3] as [INTEGER] - [1234]
19:26:26,123 TRACE BasicBinder:65 - binding parameter [1] as [INTEGER] - [5]
19:26:26,123 TRACE BasicBinder:65 - binding parameter [2] as [VARCHAR] - [Mozart]
19:26:26,123 TRACE BasicBinder:65 - binding parameter [3] as [VARCHAR] - [9 Variations on a Menuett by Duport "" Op 35]
19:26:26,123 TRACE BasicBinder:65 - binding parameter [4] as [INTEGER] - [1235]
19:26:26,123 TRACE BasicBinder:65 - binding parameter [1] as [INTEGER] - [8]
19:26:26,123 TRACE BasicBinder:65 - binding parameter [2] as [INTEGER] - [1235]
19:26:26,123 TRACE BasicBinder:65 - binding parameter [3] as [INTEGER] - [1235]
19:26:26,123 TRACE BasicBinder:65 - binding parameter [1] as [INTEGER] - [5]
19:26:26,123 TRACE BasicBinder:65 - binding parameter [2] as [VARCHAR] - [Poulenc]
19:26:26,123 TRACE BasicBinder:65 - binding parameter [3] as [VARCHAR] - [Improvisation no 13 in A minor]
19:26:26,123 TRACE BasicBinder:65 - binding parameter [4] as [INTEGER] - [1236]
19:26:26,123 TRACE BasicBinder:65 - binding parameter [1] as [INTEGER] - [8]
19:26:26,124 TRACE BasicBinder:65 - binding parameter [2] as [INTEGER] - [1236]
19:26:26,124 TRACE BasicBinder:65 - binding parameter [3] as [INTEGER] - [1236]
19:26:26,124 TRACE BasicBinder:65 - binding parameter [1] as [INTEGER] - [5]
19:26:26,124 TRACE BasicBinder:65 - binding parameter [2] as [VARCHAR] - [Poulenc]
19:26:26,124 TRACE BasicBinder:65 - binding parameter [3] as [VARCHAR] - [Le coeur sur la main]
19:26:26,124 TRACE BasicBinder:65 - binding parameter [4] as [INTEGER] - [1237]
19:26:26,124 TRACE BasicBinder:65 - binding parameter [1] as [INTEGER] - [8]
19:26:26,124 TRACE BasicBinder:65 - binding parameter [2] as [INTEGER] - [1237]
19:26:26,124 TRACE BasicBinder:65 - binding parameter [3] as [INTEGER] - [1237]
19:26:26,124 TRACE BasicBinder:65 - binding parameter [1] as [INTEGER] - [5]
19:26:26,124 TRACE BasicBinder:65 - binding parameter [2] as [VARCHAR] - [Poulenc]
19:26:26,124 TRACE BasicBinder:65 - binding parameter [3] as [VARCHAR] - [Presto]
19:26:26,124 TRACE BasicBinder:65 - binding parameter [4] as [INTEGER] - [1238]
19:26:26,125 TRACE BasicBinder:65 - binding parameter [1] as [INTEGER] - [8]
19:26:26,125 TRACE BasicBinder:65 - binding parameter [2] as [INTEGER] - [1238]
19:26:26,125 TRACE BasicBinder:65 - binding parameter [3] as [INTEGER] - [1238]
19:26:26,125 TRACE BasicBinder:65 - binding parameter [1] as [INTEGER] - [5]
19:26:26,125 TRACE BasicBinder:65 - binding parameter [2] as [VARCHAR] - [Poulenc]
19:26:26,125 TRACE BasicBinder:65 - binding parameter [3] as [VARCHAR] - [Toccata in C]
19:26:26,125 TRACE BasicBinder:65 - binding parameter [4] as [INTEGER] - [1239]
19:26:26,125 TRACE BasicBinder:65 - binding parameter [1] as [INTEGER] - [8]
19:26:26,125 TRACE BasicBinder:65 - binding parameter [2] as [INTEGER] - [1239]
19:26:26,125 TRACE BasicBinder:65 - binding parameter [3] as [INTEGER] - [1239]
19:26:26,125 TRACE BasicBinder:65 - binding parameter [1] as [INTEGER] - [5]
19:26:26,125 TRACE BasicBinder:65 - binding parameter [2] as [VARCHAR] - [Prokofiev]
19:26:26,125 TRACE BasicBinder:65 - binding parameter [3] as [VARCHAR] - [""Prelude in C""  K573]
19:26:26,126 TRACE BasicBinder:65 - binding parameter [4] as [INTEGER] - [1240]
19:26:26,126 TRACE BasicBinder:65 - binding parameter [1] as [INTEGER] - [8]
19:26:26,126 TRACE BasicBinder:65 - binding parameter [2] as [INTEGER] - [1240]
19:26:26,126 TRACE BasicBinder:65 - binding parameter [3] as [INTEGER] - [1240]
19:26:26,126 TRACE BasicBinder:65 - binding parameter [1] as [INTEGER] - [5]
19:26:26,126 TRACE BasicBinder:65 - binding parameter [2] as [VARCHAR] - [Rachmaninoff]
19:26:26,126 TRACE BasicBinder:65 - binding parameter [3] as [VARCHAR] - [""Mélodie in E         "]
19:26:26,126 TRACE BasicBinder:65 - binding parameter [4] as [INTEGER] - [1241]
19:26:26,126 TRACE BasicBinder:65 - binding parameter [1] as [INTEGER] - [8]
19:26:26,126 TRACE BasicBinder:65 - binding parameter [2] as [INTEGER] - [1241]
19:26:26,126 TRACE BasicBinder:65 - binding parameter [3] as [INTEGER] - [1241]
19:26:26,126 TRACE BasicBinder:65 - binding parameter [1] as [INTEGER] - [5]
19:26:26,127 TRACE BasicBinder:65 - binding parameter [2] as [VARCHAR] - [Rachmaninoff]
19:26:26,127 TRACE BasicBinder:65 - binding parameter [3] as [VARCHAR] - [""Prelude in F         "]
19:26:26,127 TRACE BasicBinder:65 - binding parameter [4] as [INTEGER] - [1242]
19:26:26,127 TRACE BasicBinder:65 - binding parameter [1] as [INTEGER] - [8]
19:26:26,127 TRACE BasicBinder:65 - binding parameter [2] as [INTEGER] - [1242]
19:26:26,127 TRACE BasicBinder:65 - binding parameter [3] as [INTEGER] - [1242]
19:26:26,127 TRACE BasicBinder:65 - binding parameter [1] as [INTEGER] - [5]
19:26:26,127 TRACE BasicBinder:65 - binding parameter [2] as [VARCHAR] - [Rachmaninoff]
19:26:26,127 TRACE BasicBinder:65 - binding parameter [3] as [VARCHAR] - [""Prelude in G# minor         "]
19:26:26,127 TRACE BasicBinder:65 - binding parameter [4] as [INTEGER] - [1243]
19:26:26,127 TRACE BasicBinder:65 - binding parameter [1] as [INTEGER] - [8]
19:26:26,127 TRACE BasicBinder:65 - binding parameter [2] as [INTEGER] - [1243]
19:26:26,127 TRACE BasicBinder:65 - binding parameter [3] as [INTEGER] - [1243]
19:26:26,128 TRACE BasicBinder:65 - binding parameter [1] as [INTEGER] - [5]
19:26:26,128 TRACE BasicBinder:65 - binding parameter [2] as [VARCHAR] - [Rachmaninoff]
19:26:26,128 TRACE BasicBinder:65 - binding parameter [3] as [VARCHAR] - [""Prelude in G         "]
19:26:26,128 TRACE BasicBinder:65 - binding parameter [4] as [INTEGER] - [1244]
19:26:26,128 TRACE BasicBinder:65 - binding parameter [1] as [INTEGER] - [8]
19:26:26,128 TRACE BasicBinder:65 - binding parameter [2] as [INTEGER] - [1244]
19:26:26,128 TRACE BasicBinder:65 - binding parameter [3] as [INTEGER] - [1244]
19:26:26,128 TRACE BasicBinder:65 - binding parameter [1] as [INTEGER] - [5]
19:26:26,128 TRACE BasicBinder:65 - binding parameter [2] as [VARCHAR] - [Ravel]
19:26:26,128 TRACE BasicBinder:65 - binding parameter [3] as [VARCHAR] - [Fugue]
19:26:26,128 TRACE BasicBinder:65 - binding parameter [4] as [INTEGER] - [1245]
19:26:26,128 TRACE BasicBinder:65 - binding parameter [1] as [INTEGER] - [8]
19:26:26,128 TRACE BasicBinder:65 - binding parameter [2] as [INTEGER] - [1245]
19:26:26,128 TRACE BasicBinder:65 - binding parameter [3] as [INTEGER] - [1245]
19:26:26,129 TRACE BasicBinder:65 - binding parameter [1] as [INTEGER] - [5]
19:26:26,129 TRACE BasicBinder:65 - binding parameter [2] as [VARCHAR] - [Ravel]
19:26:26,129 TRACE BasicBinder:65 - binding parameter [3] as [VARCHAR] - [Menuet]
19:26:26,129 TRACE BasicBinder:65 - binding parameter [4] as [INTEGER] - [1246]
19:26:26,129 TRACE BasicBinder:65 - binding parameter [1] as [INTEGER] - [8]
19:26:26,129 TRACE BasicBinder:65 - binding parameter [2] as [INTEGER] - [1246]
19:26:26,129 TRACE BasicBinder:65 - binding parameter [3] as [INTEGER] - [1246]
19:26:26,129 TRACE BasicBinder:65 - binding parameter [1] as [INTEGER] - [5]
19:26:26,129 TRACE BasicBinder:65 - binding parameter [2] as [VARCHAR] - [Ravel]
19:26:26,129 TRACE BasicBinder:65 - binding parameter [3] as [VARCHAR] - [Sonatine in F# minor]
19:26:26,129 TRACE BasicBinder:65 - binding parameter [4] as [INTEGER] - [1247]
19:26:26,129 TRACE BasicBinder:65 - binding parameter [1] as [INTEGER] - [8]
19:26:26,129 TRACE BasicBinder:65 - binding parameter [2] as [INTEGER] - [1247]
19:26:26,130 TRACE BasicBinder:65 - binding parameter [3] as [INTEGER] - [1247]
19:26:26,130 TRACE BasicBinder:65 - binding parameter [1] as [INTEGER] - [5]
19:26:26,130 TRACE BasicBinder:65 - binding parameter [2] as [VARCHAR] - [Ravel]
19:26:26,130 TRACE BasicBinder:65 - binding parameter [3] as [VARCHAR] - [Valse Noble et Sentimental No. 03]
19:26:26,130 TRACE BasicBinder:65 - binding parameter [4] as [INTEGER] - [1248]
19:26:26,130 TRACE BasicBinder:65 - binding parameter [1] as [INTEGER] - [8]
19:26:26,130 TRACE BasicBinder:65 - binding parameter [2] as [INTEGER] - [1248]
19:26:26,130 TRACE BasicBinder:65 - binding parameter [3] as [INTEGER] - [1248]
19:26:26,130 TRACE BasicBinder:65 - binding parameter [1] as [INTEGER] - [5]
19:26:26,130 TRACE BasicBinder:65 - binding parameter [2] as [VARCHAR] - [Schubert ]
19:26:26,130 TRACE BasicBinder:65 - binding parameter [3] as [VARCHAR] - [Piano Pieces "" Op 32]
19:26:26,130 TRACE BasicBinder:65 - binding parameter [4] as [INTEGER] - [1249]
19:26:26,130 TRACE BasicBinder:65 - binding parameter [1] as [INTEGER] - [8]
19:26:26,131 TRACE BasicBinder:65 - binding parameter [2] as [INTEGER] - [1249]
19:26:26,131 TRACE BasicBinder:65 - binding parameter [3] as [INTEGER] - [1249]
19:26:26,131 TRACE BasicBinder:65 - binding parameter [1] as [INTEGER] - [5]
19:26:26,131 TRACE BasicBinder:65 - binding parameter [2] as [VARCHAR] - [Schubert]
19:26:26,131 TRACE BasicBinder:65 - binding parameter [3] as [VARCHAR] - [Impromptu         ]
19:26:26,131 TRACE BasicBinder:65 - binding parameter [4] as [INTEGER] - [1250]
19:26:26,131 TRACE BasicBinder:65 - binding parameter [1] as [INTEGER] - [8]
19:26:26,131 TRACE BasicBinder:65 - binding parameter [2] as [INTEGER] - [1250]
19:26:26,131 TRACE BasicBinder:65 - binding parameter [3] as [INTEGER] - [1250]
19:26:26,131 TRACE BasicBinder:65 - binding parameter [1] as [INTEGER] - [5]
19:26:26,131 TRACE BasicBinder:65 - binding parameter [2] as [VARCHAR] - [Schubert]
19:26:26,131 TRACE BasicBinder:65 - binding parameter [3] as [VARCHAR] - [""Impromptu in Cm         "]
19:26:26,131 TRACE BasicBinder:65 - binding parameter [4] as [INTEGER] - [1251]
19:26:26,132 TRACE BasicBinder:65 - binding parameter [1] as [INTEGER] - [8]
19:26:26,132 TRACE BasicBinder:65 - binding parameter [2] as [INTEGER] - [1251]
19:26:26,132 TRACE BasicBinder:65 - binding parameter [3] as [INTEGER] - [1251]
19:26:26,132 TRACE BasicBinder:65 - binding parameter [1] as [INTEGER] - [5]
19:26:26,132 TRACE BasicBinder:65 - binding parameter [2] as [VARCHAR] - [Schubert]
19:26:26,132 TRACE BasicBinder:65 - binding parameter [3] as [VARCHAR] - [Sonata in B         ]
19:26:26,132 TRACE BasicBinder:65 - binding parameter [4] as [INTEGER] - [1252]
19:26:26,132 TRACE BasicBinder:65 - binding parameter [1] as [INTEGER] - [8]
19:26:26,132 TRACE BasicBinder:65 - binding parameter [2] as [INTEGER] - [1252]
19:26:26,132 TRACE BasicBinder:65 - binding parameter [3] as [INTEGER] - [1252]
19:26:26,132 TRACE BasicBinder:65 - binding parameter [1] as [INTEGER] - [5]
19:26:26,132 TRACE BasicBinder:65 - binding parameter [2] as [VARCHAR] - [Schubert]
19:26:26,132 TRACE BasicBinder:65 - binding parameter [3] as [VARCHAR] - [Sonata in Db         ]
19:26:26,132 TRACE BasicBinder:65 - binding parameter [4] as [INTEGER] - [1253]
19:26:26,133 TRACE BasicBinder:65 - binding parameter [1] as [INTEGER] - [8]
19:26:26,133 TRACE BasicBinder:65 - binding parameter [2] as [INTEGER] - [1253]
19:26:26,133 TRACE BasicBinder:65 - binding parameter [3] as [INTEGER] - [1253]
19:26:26,133 TRACE BasicBinder:65 - binding parameter [1] as [INTEGER] - [5]
19:26:26,133 TRACE BasicBinder:65 - binding parameter [2] as [VARCHAR] - [Schumann]
19:26:26,133 TRACE BasicBinder:65 - binding parameter [3] as [VARCHAR] - [Abschied]
19:26:26,133 TRACE BasicBinder:65 - binding parameter [4] as [INTEGER] - [1254]
19:26:26,133 TRACE BasicBinder:65 - binding parameter [1] as [INTEGER] - [8]
19:26:26,133 TRACE BasicBinder:65 - binding parameter [2] as [INTEGER] - [1254]
19:26:26,133 TRACE BasicBinder:65 - binding parameter [3] as [INTEGER] - [1254]
19:26:26,133 TRACE BasicBinder:65 - binding parameter [1] as [INTEGER] - [5]
19:26:26,133 TRACE BasicBinder:65 - binding parameter [2] as [VARCHAR] - [Schumann]
19:26:26,134 TRACE BasicBinder:65 - binding parameter [3] as [VARCHAR] - [Eintritt]
19:26:26,134 TRACE BasicBinder:65 - binding parameter [4] as [INTEGER] - [1255]
19:26:26,134 TRACE BasicBinder:65 - binding parameter [1] as [INTEGER] - [8]
19:26:26,134 TRACE BasicBinder:65 - binding parameter [2] as [INTEGER] - [1255]
19:26:26,134 TRACE BasicBinder:65 - binding parameter [3] as [INTEGER] - [1255]
19:26:26,134 TRACE BasicBinder:65 - binding parameter [1] as [INTEGER] - [5]
19:26:26,134 TRACE BasicBinder:65 - binding parameter [2] as [VARCHAR] - [Schumann]
19:26:26,134 TRACE BasicBinder:65 - binding parameter [3] as [VARCHAR] - [Vogel als Prophet]
19:26:26,134 TRACE BasicBinder:65 - binding parameter [4] as [INTEGER] - [1256]
19:26:26,134 TRACE BasicBinder:65 - binding parameter [1] as [INTEGER] - [8]
19:26:26,134 TRACE BasicBinder:65 - binding parameter [2] as [INTEGER] - [1256]
19:26:26,134 TRACE BasicBinder:65 - binding parameter [3] as [INTEGER] - [1256]
19:26:26,134 TRACE BasicBinder:65 - binding parameter [1] as [INTEGER] - [5]
19:26:26,135 TRACE BasicBinder:65 - binding parameter [2] as [VARCHAR] - [Scriabin]
19:26:26,135 TRACE BasicBinder:65 - binding parameter [3] as [VARCHAR] - [Nocturne in F# minor  Op 147  D 575]
19:26:26,135 TRACE BasicBinder:65 - binding parameter [4] as [INTEGER] - [1257]
19:26:26,135 TRACE BasicBinder:65 - binding parameter [1] as [INTEGER] - [8]
19:26:26,135 TRACE BasicBinder:65 - binding parameter [2] as [INTEGER] - [1257]
19:26:26,135 TRACE BasicBinder:65 - binding parameter [3] as [INTEGER] - [1257]
19:26:26,135 TRACE BasicBinder:65 - binding parameter [1] as [INTEGER] - [5]
19:26:26,135 TRACE BasicBinder:65 - binding parameter [2] as [VARCHAR] - [Shostakovich]
19:26:26,135 TRACE BasicBinder:65 - binding parameter [3] as [VARCHAR] - [3 Fantastic Dances  D 567]
19:26:26,135 TRACE BasicBinder:65 - binding parameter [4] as [INTEGER] - [1258]
19:26:26,135 TRACE BasicBinder:65 - binding parameter [1] as [INTEGER] - [8]
19:26:26,135 TRACE BasicBinder:65 - binding parameter [2] as [INTEGER] - [1258]
19:26:26,135 TRACE BasicBinder:65 - binding parameter [3] as [INTEGER] - [1258]
19:26:26,136 TRACE BasicBinder:65 - binding parameter [1] as [INTEGER] - [5]
19:26:26,136 TRACE BasicBinder:65 - binding parameter [2] as [VARCHAR] - [Shostakovich]
19:26:26,136 TRACE BasicBinder:65 - binding parameter [3] as [VARCHAR] - [Prelude and Fugue in B  Op 82        ]
19:26:26,136 TRACE BasicBinder:65 - binding parameter [4] as [INTEGER] - [1259]
19:26:26,136 TRACE BasicBinder:65 - binding parameter [1] as [INTEGER] - [8]
19:26:26,136 TRACE BasicBinder:65 - binding parameter [2] as [INTEGER] - [1259]
19:26:26,136 TRACE BasicBinder:65 - binding parameter [3] as [INTEGER] - [1259]
19:26:26,136 TRACE BasicBinder:65 - binding parameter [1] as [INTEGER] - [5]
19:26:26,136 TRACE BasicBinder:65 - binding parameter [2] as [VARCHAR] - [Shostakovich]
19:26:26,136 TRACE BasicBinder:65 - binding parameter [3] as [VARCHAR] - [Prelude and Fugue in E  Op 82        ]
19:26:26,136 TRACE BasicBinder:65 - binding parameter [4] as [INTEGER] - [1260]
19:26:26,136 TRACE BasicBinder:65 - binding parameter [1] as [INTEGER] - [8]
19:26:26,136 TRACE BasicBinder:65 - binding parameter [2] as [INTEGER] - [1260]
19:26:26,136 TRACE BasicBinder:65 - binding parameter [3] as [INTEGER] - [1260]
19:26:26,137 TRACE BasicBinder:65 - binding parameter [1] as [INTEGER] - [5]
19:26:26,137 TRACE BasicBinder:65 - binding parameter [2] as [VARCHAR] - [Shostakovich]
19:26:26,137 TRACE BasicBinder:65 - binding parameter [3] as [VARCHAR] - [Prelude and Fugue in F minor  Op 82        ]
19:26:26,137 TRACE BasicBinder:65 - binding parameter [4] as [INTEGER] - [1261]
19:26:26,137 TRACE BasicBinder:65 - binding parameter [1] as [INTEGER] - [8]
19:26:26,137 TRACE BasicBinder:65 - binding parameter [2] as [INTEGER] - [1261]
19:26:26,137 TRACE BasicBinder:65 - binding parameter [3] as [INTEGER] - [1261]
19:26:26,137 TRACE BasicBinder:65 - binding parameter [1] as [INTEGER] - [5]
19:26:26,137 TRACE BasicBinder:65 - binding parameter [2] as [VARCHAR] - [Soler]
19:26:26,137 TRACE BasicBinder:65 - binding parameter [3] as [VARCHAR] - [Sonata in D minor  Op 5 No. 01]
19:26:26,137 TRACE BasicBinder:65 - binding parameter [4] as [INTEGER] - [1262]
19:26:26,137 TRACE BasicBinder:65 - binding parameter [1] as [INTEGER] - [8]
19:26:26,137 TRACE BasicBinder:65 - binding parameter [2] as [INTEGER] - [1262]
19:26:26,138 TRACE BasicBinder:65 - binding parameter [3] as [INTEGER] - [1262]
19:26:26,138 TRACE BasicBinder:65 - binding parameter [1] as [INTEGER] - [5]
19:26:26,138 TRACE BasicBinder:65 - binding parameter [2] as [VARCHAR] - [Villa-Lobos]
19:26:26,138 TRACE BasicBinder:65 - binding parameter [3] as [VARCHAR] - [I Polichinello]
19:26:26,138 TRACE BasicBinder:65 - binding parameter [4] as [INTEGER] - [1263]
19:26:26,138 TRACE BasicBinder:65 - binding parameter [1] as [INTEGER] - [8]
19:26:26,138 TRACE BasicBinder:65 - binding parameter [2] as [INTEGER] - [1263]
19:26:26,138 TRACE BasicBinder:65 - binding parameter [3] as [INTEGER] - [1263]
19:26:26,138 TRACE BasicBinder:65 - binding parameter [1] as [INTEGER] - [6]
19:26:26,138 TRACE BasicBinder:65 - binding parameter [2] as [VARCHAR] - [Мия Канариева]
19:26:26,138 TRACE BasicBinder:65 - binding parameter [3] as [INTEGER] - [1]
19:26:26,139 TRACE BasicBinder:65 - binding parameter [1] as [INTEGER] - [1]
19:26:26,139 TRACE BasicBinder:65 - binding parameter [2] as [INTEGER] - [1]
19:26:26,139 TRACE BasicBinder:65 - binding parameter [3] as [INTEGER] - [1]
19:26:26,139 TRACE BasicBinder:65 - binding parameter [1] as [INTEGER] - [8]
19:26:26,139 TRACE BasicBinder:65 - binding parameter [2] as [VARCHAR] - [Симона Симеонова]
19:26:26,139 TRACE BasicBinder:65 - binding parameter [3] as [INTEGER] - [2]
19:26:26,139 TRACE BasicBinder:65 - binding parameter [1] as [INTEGER] - [1]
19:26:26,139 TRACE BasicBinder:65 - binding parameter [2] as [INTEGER] - [2]
19:26:26,140 TRACE BasicBinder:65 - binding parameter [3] as [INTEGER] - [2]
19:26:26,140 TRACE BasicBinder:65 - binding parameter [1] as [INTEGER] - [6]
19:26:26,140 TRACE BasicBinder:65 - binding parameter [2] as [VARCHAR] - [Христо Ризов]
19:26:26,140 TRACE BasicBinder:65 - binding parameter [3] as [INTEGER] - [3]
19:26:26,140 TRACE BasicBinder:65 - binding parameter [1] as [INTEGER] - [2]
19:26:26,140 TRACE BasicBinder:65 - binding parameter [2] as [INTEGER] - [3]
19:26:26,140 TRACE BasicBinder:65 - binding parameter [3] as [INTEGER] - [3]
19:26:26,140 TRACE BasicBinder:65 - binding parameter [1] as [INTEGER] - [9]
19:26:26,140 TRACE BasicBinder:65 - binding parameter [2] as [VARCHAR] - [Доротея Калинова]
19:26:26,140 TRACE BasicBinder:65 - binding parameter [3] as [INTEGER] - [4]
19:26:26,140 TRACE BasicBinder:65 - binding parameter [1] as [INTEGER] - [3]
19:26:26,141 TRACE BasicBinder:65 - binding parameter [2] as [INTEGER] - [4]
19:26:26,141 TRACE BasicBinder:65 - binding parameter [3] as [INTEGER] - [4]
19:26:26,141 TRACE BasicBinder:65 - binding parameter [1] as [INTEGER] - [7]
19:26:26,141 TRACE BasicBinder:65 - binding parameter [2] as [VARCHAR] - [Хайг Ованезов]
19:26:26,141 TRACE BasicBinder:65 - binding parameter [3] as [INTEGER] - [5]
19:26:26,141 TRACE BasicBinder:65 - binding parameter [1] as [INTEGER] - [3]
19:26:26,141 TRACE BasicBinder:65 - binding parameter [2] as [INTEGER] - [5]
19:26:26,141 TRACE BasicBinder:65 - binding parameter [3] as [INTEGER] - [5]
19:26:26,141 TRACE BasicBinder:65 - binding parameter [1] as [INTEGER] - [6]
19:26:26,141 TRACE BasicBinder:65 - binding parameter [2] as [VARCHAR] - [Яна Димова]
19:26:26,141 TRACE BasicBinder:65 - binding parameter [3] as [INTEGER] - [6]
19:26:26,141 TRACE BasicBinder:65 - binding parameter [1] as [INTEGER] - [3]
19:26:26,142 TRACE BasicBinder:65 - binding parameter [2] as [INTEGER] - [6]
19:26:26,142 TRACE BasicBinder:65 - binding parameter [3] as [INTEGER] - [6]
19:26:26,142 TRACE BasicBinder:65 - binding parameter [1] as [INTEGER] - [9]
19:26:26,142 TRACE BasicBinder:65 - binding parameter [2] as [VARCHAR] - [Виктория Атанасова]
19:26:26,142 TRACE BasicBinder:65 - binding parameter [3] as [INTEGER] - [7]
19:26:26,142 TRACE BasicBinder:65 - binding parameter [1] as [INTEGER] - [4]
19:26:26,142 TRACE BasicBinder:65 - binding parameter [2] as [INTEGER] - [7]
19:26:26,142 TRACE BasicBinder:65 - binding parameter [3] as [INTEGER] - [7]
19:26:26,142 TRACE BasicBinder:65 - binding parameter [1] as [INTEGER] - [8]
19:26:26,142 TRACE BasicBinder:65 - binding parameter [2] as [VARCHAR] - [Ема Сиракова]
19:26:26,142 TRACE BasicBinder:65 - binding parameter [3] as [INTEGER] - [8]
19:26:26,143 TRACE BasicBinder:65 - binding parameter [1] as [INTEGER] - [4]
19:26:26,143 TRACE BasicBinder:65 - binding parameter [2] as [INTEGER] - [8]
19:26:26,143 TRACE BasicBinder:65 - binding parameter [3] as [INTEGER] - [8]
19:26:26,143 TRACE BasicBinder:65 - binding parameter [1] as [INTEGER] - [10]
19:26:26,143 TRACE BasicBinder:65 - binding parameter [2] as [VARCHAR] - [Симона Зографова]
19:26:26,143 TRACE BasicBinder:65 - binding parameter [3] as [INTEGER] - [9]
19:26:26,143 TRACE BasicBinder:65 - binding parameter [1] as [INTEGER] - [5]
19:26:26,143 TRACE BasicBinder:65 - binding parameter [2] as [INTEGER] - [9]
19:26:26,143 TRACE BasicBinder:65 - binding parameter [3] as [INTEGER] - [9]
19:26:26,143 TRACE BasicBinder:65 - binding parameter [1] as [INTEGER] - [8]
19:26:26,143 TRACE BasicBinder:65 - binding parameter [2] as [VARCHAR] - [Елизар Ставрев]
19:26:26,143 TRACE BasicBinder:65 - binding parameter [3] as [INTEGER] - [10]
19:26:26,144 TRACE BasicBinder:65 - binding parameter [1] as [INTEGER] - [6]
19:26:26,144 TRACE BasicBinder:65 - binding parameter [2] as [INTEGER] - [10]
19:26:26,144 TRACE BasicBinder:65 - binding parameter [3] as [INTEGER] - [10]
19:26:26,144 TRACE BasicBinder:65 - binding parameter [1] as [INTEGER] - [9]
19:26:26,144 TRACE BasicBinder:65 - binding parameter [2] as [VARCHAR] - [Мирослав Цветков]
19:26:26,144 TRACE BasicBinder:65 - binding parameter [3] as [INTEGER] - [11]
19:26:26,144 TRACE BasicBinder:65 - binding parameter [1] as [INTEGER] - [6]
19:26:26,144 TRACE BasicBinder:65 - binding parameter [2] as [INTEGER] - [11]
19:26:26,144 TRACE BasicBinder:65 - binding parameter [3] as [INTEGER] - [11]
19:26:26,191  INFO connections:235 - HHH10001008: Cleaning up connection pool [jdbc:hsqldb:file:../spm-application-file/src/main/resources/spmHsqlDB;shutdown=true;hsqldb.write_delay=false]
19:26:26,360  INFO ENGINE:? - Database closed
